Using pre-set license
Built from '2023.2/staging' branch; Version is '2023.2.20f1 (0e25a174756c) revision 927137'; Using compiler version '193431935'; Build Type 'Release'
OS: 'Windows 10  (10.0.19045) 64bit CoreSingleLanguage' Language: 'en' Physical Memory: 15775 MB
BatchMode: 1, IsHumanControllingUs: 0, StartBugReporterOnCrash: 0, Is64bit: 1, IsPro: 1

COMMAND LINE ARGUMENTS:
C:\Program Files\Unity\Hub\Editor\2023.2.20f1\Editor\Unity.exe
-adb2
-batchMode
-noUpm
-name
AssetImportWorker6
-projectPath
C:/Users/ASUS/Documents/GitHub/GDENG01_GameJam_Fix/GDENG01_GameJam1/GDENG01_GameJam
-logFile
Logs/AssetImportWorker6.log
-srvPort
63100
-job-worker-count
7
-background-job-worker-count
8
-asset-garbage-collectors
1
Successfully changed project path to: C:/Users/ASUS/Documents/GitHub/GDENG01_GameJam_Fix/GDENG01_GameJam1/GDENG01_GameJam
C:/Users/ASUS/Documents/GitHub/GDENG01_GameJam_Fix/GDENG01_GameJam1/GDENG01_GameJam
[UnityMemory] Configuration Parameters - Can be set up in boot.config
    "memorysetup-bucket-allocator-granularity=16"
    "memorysetup-bucket-allocator-bucket-count=8"
    "memorysetup-bucket-allocator-block-size=33554432"
    "memorysetup-bucket-allocator-block-count=8"
    "memorysetup-main-allocator-block-size=16777216"
    "memorysetup-thread-allocator-block-size=16777216"
    "memorysetup-gfx-main-allocator-block-size=16777216"
    "memorysetup-gfx-thread-allocator-block-size=16777216"
    "memorysetup-cache-allocator-block-size=4194304"
    "memorysetup-typetree-allocator-block-size=2097152"
    "memorysetup-profiler-bucket-allocator-granularity=16"
    "memorysetup-profiler-bucket-allocator-bucket-count=8"
    "memorysetup-profiler-bucket-allocator-block-size=33554432"
    "memorysetup-profiler-bucket-allocator-block-count=8"
    "memorysetup-profiler-allocator-block-size=16777216"
    "memorysetup-profiler-editor-allocator-block-size=1048576"
    "memorysetup-temp-allocator-size-main=16777216"
    "memorysetup-job-temp-allocator-block-size=2097152"
    "memorysetup-job-temp-allocator-block-size-background=1048576"
    "memorysetup-job-temp-allocator-reduction-small-platforms=262144"
    "memorysetup-allocator-temp-initial-block-size-main=262144"
    "memorysetup-allocator-temp-initial-block-size-worker=262144"
    "memorysetup-temp-allocator-size-background-worker=32768"
    "memorysetup-temp-allocator-size-job-worker=262144"
    "memorysetup-temp-allocator-size-preload-manager=33554432"
    "memorysetup-temp-allocator-size-nav-mesh-worker=65536"
    "memorysetup-temp-allocator-size-audio-worker=65536"
    "memorysetup-temp-allocator-size-cloud-worker=32768"
    "memorysetup-temp-allocator-size-gi-baking-worker=262144"
    "memorysetup-temp-allocator-size-gi-baking-worker=262144"
    "memorysetup-temp-allocator-size-gi-baking-worker=262144"
    "memorysetup-temp-allocator-size-gi-baking-worker=262144"
    "memorysetup-temp-allocator-size-gfx=262144"
Player connection [17968] Host "[IP] 10.15.163.41 [Port] 0 [Flags] 2 [Guid] 1343119148 [EditorId] 1343119148 [Version] 1048832 [Id] WindowsEditor(7,DESKTOP-LOCDEUQ) [Debug] 1 [PackageName] WindowsEditor [ProjectName] Editor" joined multi-casting on [225.0.0.222:54997]...
Player connection [17968] Host "[IP] 10.15.163.41 [Port] 0 [Flags] 2 [Guid] 1343119148 [EditorId] 1343119148 [Version] 1048832 [Id] WindowsEditor(7,DESKTOP-LOCDEUQ) [Debug] 1 [PackageName] WindowsEditor [ProjectName] Editor" joined alternative multi-casting on [225.0.0.222:34997]...
JobSystem: Creating JobQueue using job-worker-count value 7
[Physics::Module] Initialized MultithreadedJobDispatcher with 7 workers.
Library Redirect Path: Library/
Refreshing native plugins compatible for Editor in 1.23 ms, found 3 plugins.
Preloading 0 native plugins for Editor in 0.00 ms.
Initialize engine version: 2023.2.20f1 (0e25a174756c)
[Subsystems] Discovering subsystems at path C:/Program Files/Unity/Hub/Editor/2023.2.20f1/Editor/Data/Resources/UnitySubsystems
[Subsystems] Discovering subsystems at path C:/Users/ASUS/Documents/GitHub/GDENG01_GameJam_Fix/GDENG01_GameJam1/GDENG01_GameJam/Assets
GfxDevice: creating device client; kGfxThreadingModeNonThreaded
Direct3D:
    Version:  Direct3D 11.0 [level 11.1]
    Renderer: NVIDIA GeForce RTX 3050 Laptop GPU (ID=0x25a2)
    Vendor:   NVIDIA
    VRAM:     3991 MB
    Driver:   30.0.15.1169
Initialize mono
Mono path[0] = 'C:/Program Files/Unity/Hub/Editor/2023.2.20f1/Editor/Data/Managed'
Mono path[1] = 'C:/Program Files/Unity/Hub/Editor/2023.2.20f1/Editor/Data/MonoBleedingEdge/lib/mono/unityjit-win32'
Mono config path = 'C:/Program Files/Unity/Hub/Editor/2023.2.20f1/Editor/Data/MonoBleedingEdge/etc'
Using monoOptions --debugger-agent=transport=dt_socket,embedding=1,server=y,suspend=n,address=127.0.0.1:56680
Begin MonoManager ReloadAssembly
Registering precompiled unity dll's ...
Register platform support module: C:/Program Files/Unity/Hub/Editor/2023.2.20f1/Editor/Data/PlaybackEngines/WindowsStandaloneSupport/UnityEditor.WindowsStandalone.Extensions.dll
Register platform support module: C:/Program Files/Unity/Hub/Editor/2023.2.20f1/Editor/Data/PlaybackEngines/AndroidPlayer/UnityEditor.Android.Extensions.dll
Registered in 0.004617 seconds.
- Loaded All Assemblies, in  0.402 seconds
Native extension for Android target not found
Android Extension - Scanning For ADB Devices 231 ms
Native extension for WindowsStandalone target not found
Mono: successfully reloaded assembly
- Finished resetting the current domain, in  0.574 seconds
Domain Reload Profiling: 974ms
	BeginReloadAssembly (128ms)
		ExecutionOrderSort (0ms)
		DisableScriptedObjects (0ms)
		BackupInstance (0ms)
		ReleaseScriptingObjects (0ms)
		CreateAndSetChildDomain (1ms)
	RebuildCommonClasses (33ms)
	RebuildNativeTypeToScriptingClass (11ms)
	initialDomainReloadingComplete (50ms)
	LoadAllAssembliesAndSetupDomain (178ms)
		LoadAssemblies (126ms)
		RebuildTransferFunctionScriptingTraits (0ms)
		AnalyzeDomain (175ms)
			TypeCache.Refresh (173ms)
				TypeCache.ScanAssembly (159ms)
			BuildScriptInfoCaches (0ms)
			ResolveRequiredComponents (1ms)
	FinalizeReload (575ms)
		ReleaseScriptCaches (0ms)
		RebuildScriptCaches (0ms)
		SetupLoadedEditorAssemblies (523ms)
			LogAssemblyErrors (0ms)
			InitializePlatformSupportModulesInManaged (326ms)
			SetLoadedEditorAssemblies (4ms)
			BeforeProcessingInitializeOnLoad (7ms)
			ProcessInitializeOnLoadAttributes (138ms)
			ProcessInitializeOnLoadMethodAttributes (47ms)
			AfterProcessingInitializeOnLoad (0ms)
			EditorAssembliesLoaded (0ms)
		ExecutionOrderSort2 (0ms)
		AwakeInstancesAfterBackupRestoration (0ms)
========================================================================
Worker process is ready to serve import requests
Import Worker Mode flag is 0x00
Begin MonoManager ReloadAssembly
Symbol file LoadedFromMemory doesn't match image C:\Users\ASUS\Documents\GitHub\GDENG01_GameJam_Fix\GDENG01_GameJam1\GDENG01_GameJam\Library\PackageCache\com.unity.visualscripting@1.8.0\Editor\VisualScripting.Core\Dependencies\YamlDotNet\Unity.VisualScripting.YamlDotNet.dll
Symbol file LoadedFromMemory doesn't match image C:\Users\ASUS\Documents\GitHub\GDENG01_GameJam_Fix\GDENG01_GameJam1\GDENG01_GameJam\Library\PackageCache\com.unity.visualscripting@1.8.0\Editor\VisualScripting.Core\Dependencies\DotNetZip\Unity.VisualScripting.IonicZip.dll
- Loaded All Assemblies, in  0.843 seconds
Refreshing native plugins compatible for Editor in 0.61 ms, found 3 plugins.
Native extension for Android target not found
Native extension for WindowsStandalone target not found
Mono: successfully reloaded assembly
- Finished resetting the current domain, in  0.682 seconds
Domain Reload Profiling: 1521ms
	BeginReloadAssembly (322ms)
		ExecutionOrderSort (0ms)
		DisableScriptedObjects (5ms)
		BackupInstance (0ms)
		ReleaseScriptingObjects (0ms)
		CreateAndSetChildDomain (31ms)
	RebuildCommonClasses (32ms)
	RebuildNativeTypeToScriptingClass (11ms)
	initialDomainReloadingComplete (37ms)
	LoadAllAssembliesAndSetupDomain (436ms)
		LoadAssemblies (361ms)
		RebuildTransferFunctionScriptingTraits (0ms)
		AnalyzeDomain (170ms)
			TypeCache.Refresh (142ms)
				TypeCache.ScanAssembly (128ms)
			BuildScriptInfoCaches (20ms)
			ResolveRequiredComponents (5ms)
	FinalizeReload (682ms)
		ReleaseScriptCaches (0ms)
		RebuildScriptCaches (0ms)
		SetupLoadedEditorAssemblies (499ms)
			LogAssemblyErrors (0ms)
			InitializePlatformSupportModulesInManaged (17ms)
			SetLoadedEditorAssemblies (3ms)
			BeforeProcessingInitializeOnLoad (39ms)
			ProcessInitializeOnLoadAttributes (414ms)
			ProcessInitializeOnLoadMethodAttributes (20ms)
			AfterProcessingInitializeOnLoad (5ms)
			EditorAssembliesLoaded (0ms)
		ExecutionOrderSort2 (0ms)
		AwakeInstancesAfterBackupRestoration (8ms)
Launched and connected shader compiler UnityShaderCompiler.exe after 0.01 seconds
Refreshing native plugins compatible for Editor in 0.95 ms, found 3 plugins.
Preloading 0 native plugins for Editor in 0.00 ms.
Unloading 65 Unused Serialized files (Serialized files now loaded: 0)
Unloading 3799 unused Assets / (1.8 MB). Loaded Objects now: 4452.
Memory consumption went from 138.6 MB to 136.8 MB.
Total: 7.276600 ms (FindLiveObjects: 0.454500 ms CreateObjectMapping: 0.600500 ms MarkObjects: 4.679200 ms  DeleteObjects: 1.541900 ms)

========================================================================
Received Import Request.
  Time since last request: 147345.117061 seconds.
  path: Assets/StoneUI/OtherUI_2-1K/3.png
  artifactKey: Guid(d3a53dd56fb9a0444835a5fa1cdd14f6) Importer(815301076,1909f56bfc062723c751e8b465ee728b)
Start importing Assets/StoneUI/OtherUI_2-1K/3.png using Guid(d3a53dd56fb9a0444835a5fa1cdd14f6) Importer(815301076,1909f56bfc062723c751e8b465ee728b) (PreviewImporter) -> (artifact id: 'f1d9132e2e3e27e4a4a0b549e3b8373a') in 0.1315535 seconds
Number of updated asset objects reloaded before import = 0Number of asset objects unloaded after import = 13

========================================================================
Received Import Request.
  Time since last request: 215.280737 seconds.
  path: Assets/TextMesh Pro/Resources/Fonts & Materials/LiberationSans SDF.asset
  artifactKey: Guid(8f586378b4e144a9851e7b34d9b748ee) Importer(815301076,1909f56bfc062723c751e8b465ee728b)
Start importing Assets/TextMesh Pro/Resources/Fonts & Materials/LiberationSans SDF.asset using Guid(8f586378b4e144a9851e7b34d9b748ee) Importer(815301076,1909f56bfc062723c751e8b465ee728b) (PreviewImporter) -> (artifact id: 'fc5806af9f6b2cb88ec3315b447ddf06') in 0.0804706 seconds
Number of updated asset objects reloaded before import = 0Number of asset objects unloaded after import = 9

========================================================================
Received Import Request.
  Time since last request: 140.458647 seconds.
  path: Assets/StoneUI/OtherUI_4k+/button28.png
  artifactKey: Guid(0d4a6327e651cf2488b4597972d08cc8) Importer(815301076,1909f56bfc062723c751e8b465ee728b)
Start importing Assets/StoneUI/OtherUI_4k+/button28.png using Guid(0d4a6327e651cf2488b4597972d08cc8) Importer(815301076,1909f56bfc062723c751e8b465ee728b) (PreviewImporter) -> (artifact id: '828477607d5616afc6af98c8356dbfab') in 0.0207153 seconds
Number of updated asset objects reloaded before import = 0Number of asset objects unloaded after import = 3

========================================================================
Received Import Request.
  Time since last request: 0.000025 seconds.
  path: Assets/StoneUI/OtherUI_4k+/button32.png
  artifactKey: Guid(dda79a59008296543a882307142315be) Importer(815301076,1909f56bfc062723c751e8b465ee728b)
Start importing Assets/StoneUI/OtherUI_4k+/button32.png using Guid(dda79a59008296543a882307142315be) Importer(815301076,1909f56bfc062723c751e8b465ee728b) (PreviewImporter) -> (artifact id: '0eb4c579236e5e3837e72997e0395bce') in 0.0209816 seconds
Number of updated asset objects reloaded before import = 0Number of asset objects unloaded after import = 3

========================================================================
Received Import Request.
  Time since last request: 0.000031 seconds.
  path: Assets/StoneUI/OtherUI_4k+/button31.png
  artifactKey: Guid(e17b19e4eb5842a4faeca63992caae48) Importer(815301076,1909f56bfc062723c751e8b465ee728b)
Start importing Assets/StoneUI/OtherUI_4k+/button31.png using Guid(e17b19e4eb5842a4faeca63992caae48) Importer(815301076,1909f56bfc062723c751e8b465ee728b) (PreviewImporter) -> (artifact id: '53dd8c7abf994d3ae3a3464db0fcb8b6') in 0.0224482 seconds
Number of updated asset objects reloaded before import = 0Number of asset objects unloaded after import = 3

========================================================================
Received Import Request.
  Time since last request: 0.000042 seconds.
  path: Assets/StoneUI/OtherUI_4k+/button33.png
  artifactKey: Guid(77ac2905d497e2140b1a3db694393058) Importer(815301076,1909f56bfc062723c751e8b465ee728b)
Start importing Assets/StoneUI/OtherUI_4k+/button33.png using Guid(77ac2905d497e2140b1a3db694393058) Importer(815301076,1909f56bfc062723c751e8b465ee728b) (PreviewImporter) -> (artifact id: 'e574ab564b3d6e1d1f437130eb207557') in 0.0209511 seconds
Number of updated asset objects reloaded before import = 0Number of asset objects unloaded after import = 3

========================================================================
Received Import Request.
  Time since last request: 0.019197 seconds.
  path: Assets/StoneUI/OtherUI_4k+/button36.png
  artifactKey: Guid(7e6cc6a944e040c4fac4976020dbe8c5) Importer(815301076,1909f56bfc062723c751e8b465ee728b)
Start importing Assets/StoneUI/OtherUI_4k+/button36.png using Guid(7e6cc6a944e040c4fac4976020dbe8c5) Importer(815301076,1909f56bfc062723c751e8b465ee728b) (PreviewImporter) -> (artifact id: '02c894b426232684988acbdbf3b4adb8') in 0.0226812 seconds
Number of updated asset objects reloaded before import = 0Number of asset objects unloaded after import = 3

========================================================================
Received Import Request.
  Time since last request: 0.000023 seconds.
  path: Assets/StoneUI/OtherUI_4k+/button41.png
  artifactKey: Guid(70e1d3b938b0ad144a50c84b639baaa0) Importer(815301076,1909f56bfc062723c751e8b465ee728b)
Start importing Assets/StoneUI/OtherUI_4k+/button41.png using Guid(70e1d3b938b0ad144a50c84b639baaa0) Importer(815301076,1909f56bfc062723c751e8b465ee728b) (PreviewImporter) -> (artifact id: 'dcdcb48ad71ffc15d125d1938b342944') in 0.0197228 seconds
Number of updated asset objects reloaded before import = 0Number of asset objects unloaded after import = 3

========================================================================
Received Import Request.
  Time since last request: 0.000029 seconds.
  path: Assets/StoneUI/OtherUI_4k+/button48.png
  artifactKey: Guid(f1c38c91a49633b4494b375416eb64cf) Importer(815301076,1909f56bfc062723c751e8b465ee728b)
Start importing Assets/StoneUI/OtherUI_4k+/button48.png using Guid(f1c38c91a49633b4494b375416eb64cf) Importer(815301076,1909f56bfc062723c751e8b465ee728b) (PreviewImporter) -> (artifact id: '610e182980b7193b3831c42ad3db4321') in 0.0212405 seconds
Number of updated asset objects reloaded before import = 0Number of asset objects unloaded after import = 3

========================================================================
Received Import Request.
  Time since last request: 0.000029 seconds.
  path: Assets/StoneUI/OtherUI_4k+/button42.png
  artifactKey: Guid(6bcb1decdd7b0c24e93ae3fad6934ca0) Importer(815301076,1909f56bfc062723c751e8b465ee728b)
Start importing Assets/StoneUI/OtherUI_4k+/button42.png using Guid(6bcb1decdd7b0c24e93ae3fad6934ca0) Importer(815301076,1909f56bfc062723c751e8b465ee728b) (PreviewImporter) -> (artifact id: 'c90c561d4e477e017d7658fc01f71eaa') in 0.0223837 seconds
Number of updated asset objects reloaded before import = 0Number of asset objects unloaded after import = 3

========================================================================
Received Import Request.
  Time since last request: 0.000024 seconds.
  path: Assets/StoneUI/OtherUI_4k+/button46.png
  artifactKey: Guid(56766fab6d5f0394e808af0868aa4303) Importer(815301076,1909f56bfc062723c751e8b465ee728b)
Start importing Assets/StoneUI/OtherUI_4k+/button46.png using Guid(56766fab6d5f0394e808af0868aa4303) Importer(815301076,1909f56bfc062723c751e8b465ee728b) (PreviewImporter) -> (artifact id: 'cfe7845b96f30779215a99c5da784df1') in 0.0217108 seconds
Number of updated asset objects reloaded before import = 0Number of asset objects unloaded after import = 3

========================================================================
Received Import Request.
  Time since last request: 0.000023 seconds.
  path: Assets/StoneUI/OtherUI_4k+/button50.png
  artifactKey: Guid(6eaf20c1280d2704ca2298a22970fbc9) Importer(815301076,1909f56bfc062723c751e8b465ee728b)
Start importing Assets/StoneUI/OtherUI_4k+/button50.png using Guid(6eaf20c1280d2704ca2298a22970fbc9) Importer(815301076,1909f56bfc062723c751e8b465ee728b) (PreviewImporter) -> (artifact id: 'd7a4a8fcd41ce4a1d086959248513ac5') in 0.0182547 seconds
Number of updated asset objects reloaded before import = 0Number of asset objects unloaded after import = 3

========================================================================
Received Import Request.
  Time since last request: 0.000026 seconds.
  path: Assets/StoneUI/OtherUI_4k+/button43.png
  artifactKey: Guid(bab4243e7031d48478a92f8f6e3451c0) Importer(815301076,1909f56bfc062723c751e8b465ee728b)
Start importing Assets/StoneUI/OtherUI_4k+/button43.png using Guid(bab4243e7031d48478a92f8f6e3451c0) Importer(815301076,1909f56bfc062723c751e8b465ee728b) (PreviewImporter) -> (artifact id: '6b78d6fab93ca29be8cfa96f8134a752') in 0.0199885 seconds
Number of updated asset objects reloaded before import = 0Number of asset objects unloaded after import = 3

========================================================================
Received Import Request.
  Time since last request: 0.000026 seconds.
  path: Assets/StoneUI/OtherUI_4k+/button45.png
  artifactKey: Guid(e6e4b5dbbab9d3c41bd2d108e95f9787) Importer(815301076,1909f56bfc062723c751e8b465ee728b)
Start importing Assets/StoneUI/OtherUI_4k+/button45.png using Guid(e6e4b5dbbab9d3c41bd2d108e95f9787) Importer(815301076,1909f56bfc062723c751e8b465ee728b) (PreviewImporter) -> (artifact id: '9aa080b670519e30f1cba80aa4a6fa47') in 0.0200124 seconds
Number of updated asset objects reloaded before import = 0Number of asset objects unloaded after import = 3

========================================================================
Received Import Request.
  Time since last request: 0.388232 seconds.
  path: Assets/StoneUI/OtherUI_4k+/button52.png
  artifactKey: Guid(8dff7c37de22e4140990454dfc547a05) Importer(815301076,1909f56bfc062723c751e8b465ee728b)
Start importing Assets/StoneUI/OtherUI_4k+/button52.png using Guid(8dff7c37de22e4140990454dfc547a05) Importer(815301076,1909f56bfc062723c751e8b465ee728b) (PreviewImporter) -> (artifact id: '3ddfe0ab2cc42a1961d8ae770070b4a8') in 0.0238642 seconds
Number of updated asset objects reloaded before import = 0Number of asset objects unloaded after import = 3

========================================================================
Received Import Request.
  Time since last request: 0.000034 seconds.
  path: Assets/StoneUI/OtherUI_4k+/button55.png
  artifactKey: Guid(32aca69a1c8d9594e8f961bb6998b767) Importer(815301076,1909f56bfc062723c751e8b465ee728b)
Start importing Assets/StoneUI/OtherUI_4k+/button55.png using Guid(32aca69a1c8d9594e8f961bb6998b767) Importer(815301076,1909f56bfc062723c751e8b465ee728b) (PreviewImporter) -> (artifact id: '361ee768e20297b926dbae7ae7d10a02') in 0.0219644 seconds
Number of updated asset objects reloaded before import = 0Number of asset objects unloaded after import = 3

========================================================================
Received Import Request.
  Time since last request: 0.000033 seconds.
  path: Assets/StoneUI/OtherUI_4k+/button57.png
  artifactKey: Guid(6bcd84c5dd59cab46a3ac62ca1c2bde8) Importer(815301076,1909f56bfc062723c751e8b465ee728b)
Start importing Assets/StoneUI/OtherUI_4k+/button57.png using Guid(6bcd84c5dd59cab46a3ac62ca1c2bde8) Importer(815301076,1909f56bfc062723c751e8b465ee728b) (PreviewImporter) -> (artifact id: 'ba1b01d66979fa401afff2a5d665007d') in 0.0208878 seconds
Number of updated asset objects reloaded before import = 0Number of asset objects unloaded after import = 3

========================================================================
Received Import Request.
  Time since last request: 0.000023 seconds.
  path: Assets/StoneUI/OtherUI_4k+/button59.png
  artifactKey: Guid(7ffb0583e137b4245b067ec47a6c3001) Importer(815301076,1909f56bfc062723c751e8b465ee728b)
Start importing Assets/StoneUI/OtherUI_4k+/button59.png using Guid(7ffb0583e137b4245b067ec47a6c3001) Importer(815301076,1909f56bfc062723c751e8b465ee728b) (PreviewImporter) -> (artifact id: 'c2124e5c4f797f95d2c69a0ab7108e5d') in 0.0221125 seconds
Number of updated asset objects reloaded before import = 0Number of asset objects unloaded after import = 3

========================================================================
Received Import Request.
  Time since last request: 1.467210 seconds.
  path: Assets/StoneUI/OtherUI_4k+/button60.png
  artifactKey: Guid(627c13a8eac29624880b49f1e0824a61) Importer(815301076,1909f56bfc062723c751e8b465ee728b)
Start importing Assets/StoneUI/OtherUI_4k+/button60.png using Guid(627c13a8eac29624880b49f1e0824a61) Importer(815301076,1909f56bfc062723c751e8b465ee728b) (PreviewImporter) -> (artifact id: '28d3a5c4af1afd38e4b5bdb879a845e1') in 0.0237569 seconds
Number of updated asset objects reloaded before import = 0Number of asset objects unloaded after import = 3

========================================================================
Received Import Request.
  Time since last request: 0.000031 seconds.
  path: Assets/StoneUI/OtherUI_4k+/button62.png
  artifactKey: Guid(771dc04c66edd8f4dadc614059a2407a) Importer(815301076,1909f56bfc062723c751e8b465ee728b)
Start importing Assets/StoneUI/OtherUI_4k+/button62.png using Guid(771dc04c66edd8f4dadc614059a2407a) Importer(815301076,1909f56bfc062723c751e8b465ee728b) (PreviewImporter) -> (artifact id: '97991b00cefb20d1eea458908895d264') in 0.0238476 seconds
Number of updated asset objects reloaded before import = 0Number of asset objects unloaded after import = 3

========================================================================
Received Import Request.
  Time since last request: 0.000026 seconds.
  path: Assets/StoneUI/OtherUI_4k+/button71.png
  artifactKey: Guid(76ff8c9d9170c9f4e955cdaf1f3fdc78) Importer(815301076,1909f56bfc062723c751e8b465ee728b)
Start importing Assets/StoneUI/OtherUI_4k+/button71.png using Guid(76ff8c9d9170c9f4e955cdaf1f3fdc78) Importer(815301076,1909f56bfc062723c751e8b465ee728b) (PreviewImporter) -> (artifact id: 'd22c1548b965f587c6e24e29efaa45e7') in 0.0238623 seconds
Number of updated asset objects reloaded before import = 0Number of asset objects unloaded after import = 3

========================================================================
Received Import Request.
  Time since last request: 0.000028 seconds.
  path: Assets/StoneUI/OtherUI_4k+/button74.png
  artifactKey: Guid(ceb12dee810207a44b1d10a28cb227f8) Importer(815301076,1909f56bfc062723c751e8b465ee728b)
Start importing Assets/StoneUI/OtherUI_4k+/button74.png using Guid(ceb12dee810207a44b1d10a28cb227f8) Importer(815301076,1909f56bfc062723c751e8b465ee728b) (PreviewImporter) -> (artifact id: '64c01d84de8424922bbf99020fa8a359') in 0.0217163 seconds
Number of updated asset objects reloaded before import = 0Number of asset objects unloaded after import = 3

========================================================================
Received Import Request.
  Time since last request: 0.000025 seconds.
  path: Assets/StoneUI/OtherUI_4k+/button75.png
  artifactKey: Guid(15497cea8b84d40499ab07a77909e759) Importer(815301076,1909f56bfc062723c751e8b465ee728b)
Start importing Assets/StoneUI/OtherUI_4k+/button75.png using Guid(15497cea8b84d40499ab07a77909e759) Importer(815301076,1909f56bfc062723c751e8b465ee728b) (PreviewImporter) -> (artifact id: 'f9a3374d902d19612ba84d0c30e7be3f') in 0.0273196 seconds
Number of updated asset objects reloaded before import = 0Number of asset objects unloaded after import = 3

========================================================================
Received Import Request.
  Time since last request: 0.000031 seconds.
  path: Assets/StoneUI/OtherUI_4k+/button67.png
  artifactKey: Guid(16a5b4c629795854294c1329f7ae0af9) Importer(815301076,1909f56bfc062723c751e8b465ee728b)
Start importing Assets/StoneUI/OtherUI_4k+/button67.png using Guid(16a5b4c629795854294c1329f7ae0af9) Importer(815301076,1909f56bfc062723c751e8b465ee728b) (PreviewImporter) -> (artifact id: 'a06608a295761754409c7595ebd202e1') in 0.0217771 seconds
Number of updated asset objects reloaded before import = 0Number of asset objects unloaded after import = 3

========================================================================
Received Import Request.
  Time since last request: 0.000035 seconds.
  path: Assets/StoneUI/OtherUI_4k+/button76.png
  artifactKey: Guid(a77a2f0f7bc99ac40aa4acffcce2c379) Importer(815301076,1909f56bfc062723c751e8b465ee728b)
Start importing Assets/StoneUI/OtherUI_4k+/button76.png using Guid(a77a2f0f7bc99ac40aa4acffcce2c379) Importer(815301076,1909f56bfc062723c751e8b465ee728b) (PreviewImporter) -> (artifact id: '92dc476ed516b188c719fde2253b4626') in 0.022142 seconds
Number of updated asset objects reloaded before import = 0Number of asset objects unloaded after import = 3

========================================================================
Received Import Request.
  Time since last request: 0.000022 seconds.
  path: Assets/StoneUI/OtherUI_4k+/button78.png
  artifactKey: Guid(e1f691bd8cee4614099a0ccdf0c39675) Importer(815301076,1909f56bfc062723c751e8b465ee728b)
Start importing Assets/StoneUI/OtherUI_4k+/button78.png using Guid(e1f691bd8cee4614099a0ccdf0c39675) Importer(815301076,1909f56bfc062723c751e8b465ee728b) (PreviewImporter) -> (artifact id: 'e1a23cbb7c70c91bfa15996db04eb56e') in 0.0217256 seconds
Number of updated asset objects reloaded before import = 0Number of asset objects unloaded after import = 3

========================================================================
Received Import Request.
  Time since last request: 0.000023 seconds.
  path: Assets/StoneUI/OtherUI_4k+/button83.png
  artifactKey: Guid(33ae648e352d79b4192896139b6f81f7) Importer(815301076,1909f56bfc062723c751e8b465ee728b)
Start importing Assets/StoneUI/OtherUI_4k+/button83.png using Guid(33ae648e352d79b4192896139b6f81f7) Importer(815301076,1909f56bfc062723c751e8b465ee728b) (PreviewImporter) -> (artifact id: '815ce2ba2957c2dd484f37d79a1a71ed') in 0.0234828 seconds
Number of updated asset objects reloaded before import = 0Number of asset objects unloaded after import = 3

========================================================================
Received Import Request.
  Time since last request: 0.000029 seconds.
  path: Assets/StoneUI/OtherUI_4k+/button80.png
  artifactKey: Guid(8da3204a20d28db4baa82ba4993bcf4b) Importer(815301076,1909f56bfc062723c751e8b465ee728b)
Start importing Assets/StoneUI/OtherUI_4k+/button80.png using Guid(8da3204a20d28db4baa82ba4993bcf4b) Importer(815301076,1909f56bfc062723c751e8b465ee728b) (PreviewImporter) -> (artifact id: '3188accff340b49f49cfbb0fa9969360') in 0.0225267 seconds
Number of updated asset objects reloaded before import = 0Number of asset objects unloaded after import = 3

========================================================================
Received Import Request.
  Time since last request: 0.000029 seconds.
  path: Assets/StoneUI/OtherUI_4k+/button66.png
  artifactKey: Guid(230a918db7b6fac49a2ebf0db704f3e9) Importer(815301076,1909f56bfc062723c751e8b465ee728b)
Start importing Assets/StoneUI/OtherUI_4k+/button66.png using Guid(230a918db7b6fac49a2ebf0db704f3e9) Importer(815301076,1909f56bfc062723c751e8b465ee728b) (PreviewImporter) -> (artifact id: '9113eef134dbd7bca8a73e1b98bcc536') in 0.0251011 seconds
Number of updated asset objects reloaded before import = 0Number of asset objects unloaded after import = 3

========================================================================
Received Import Request.
  Time since last request: 0.000027 seconds.
  path: Assets/StoneUI/OtherUI_4k+/button72.png
  artifactKey: Guid(340c29d89b04caa4083b513868cf570a) Importer(815301076,1909f56bfc062723c751e8b465ee728b)
Start importing Assets/StoneUI/OtherUI_4k+/button72.png using Guid(340c29d89b04caa4083b513868cf570a) Importer(815301076,1909f56bfc062723c751e8b465ee728b) (PreviewImporter) -> (artifact id: '0643fce528a275c69bb34fb0e42afd3f') in 0.0223034 seconds
Number of updated asset objects reloaded before import = 0Number of asset objects unloaded after import = 3

========================================================================
Received Import Request.
  Time since last request: 0.192527 seconds.
  path: Assets/StoneUI/OtherUI_4k+/button84.png
  artifactKey: Guid(ab62314e37214b446834667d610b63f9) Importer(815301076,1909f56bfc062723c751e8b465ee728b)
Start importing Assets/StoneUI/OtherUI_4k+/button84.png using Guid(ab62314e37214b446834667d610b63f9) Importer(815301076,1909f56bfc062723c751e8b465ee728b) (PreviewImporter) -> (artifact id: 'e319ccee43eb3720db65c7870766ef68') in 0.0225235 seconds
Number of updated asset objects reloaded before import = 0Number of asset objects unloaded after import = 3

========================================================================
Received Import Request.
  Time since last request: 0.000025 seconds.
  path: Assets/StoneUI/OtherUI_4k+/button86.png
  artifactKey: Guid(2b99ad0b0e518bd4cbc793c7f510c565) Importer(815301076,1909f56bfc062723c751e8b465ee728b)
Start importing Assets/StoneUI/OtherUI_4k+/button86.png using Guid(2b99ad0b0e518bd4cbc793c7f510c565) Importer(815301076,1909f56bfc062723c751e8b465ee728b) (PreviewImporter) -> (artifact id: '6d5ef7a91e028f6008e7422f1c00cefb') in 0.0206359 seconds
Number of updated asset objects reloaded before import = 0Number of asset objects unloaded after import = 3

========================================================================
Received Import Request.
  Time since last request: 0.000023 seconds.
  path: Assets/StoneUI/OtherUI_4k+/button90.png
  artifactKey: Guid(ab3e3f07d6ca3e24ea65bcc6c3bd9faf) Importer(815301076,1909f56bfc062723c751e8b465ee728b)
Start importing Assets/StoneUI/OtherUI_4k+/button90.png using Guid(ab3e3f07d6ca3e24ea65bcc6c3bd9faf) Importer(815301076,1909f56bfc062723c751e8b465ee728b) (PreviewImporter) -> (artifact id: 'b0f7050d78534a8866cfe9c7931378f2') in 0.0195999 seconds
Number of updated asset objects reloaded before import = 0Number of asset objects unloaded after import = 3

========================================================================
Received Import Request.
  Time since last request: 0.000024 seconds.
  path: Assets/StoneUI/Buttons_512x512/Moss_Blue/button_moss_blue2.png
  artifactKey: Guid(114a45193ee1ee14b96d45c97ac2e784) Importer(815301076,1909f56bfc062723c751e8b465ee728b)
Start importing Assets/StoneUI/Buttons_512x512/Moss_Blue/button_moss_blue2.png using Guid(114a45193ee1ee14b96d45c97ac2e784) Importer(815301076,1909f56bfc062723c751e8b465ee728b) (PreviewImporter) -> (artifact id: '2e1cee7cdd160e5702dacf87d0111e6b') in 0.0252573 seconds
Number of updated asset objects reloaded before import = 0Number of asset objects unloaded after import = 3

========================================================================
Received Import Request.
  Time since last request: 0.000024 seconds.
  path: Assets/StoneUI/Buttons_512x512/Moss_Blue/button_moss_blue3.png
  artifactKey: Guid(22ae15c266f50c641921d633c9f0c331) Importer(815301076,1909f56bfc062723c751e8b465ee728b)
Start importing Assets/StoneUI/Buttons_512x512/Moss_Blue/button_moss_blue3.png using Guid(22ae15c266f50c641921d633c9f0c331) Importer(815301076,1909f56bfc062723c751e8b465ee728b) (PreviewImporter) -> (artifact id: '1526e27d46463bbf79c1c5d64f6eb13f') in 0.0254237 seconds
Number of updated asset objects reloaded before import = 0Number of asset objects unloaded after import = 3

========================================================================
Received Import Request.
  Time since last request: 0.000041 seconds.
  path: Assets/StoneUI/OtherUI_4k+/button93.png
  artifactKey: Guid(6a6e0e58f410e5549913e092c9eb1414) Importer(815301076,1909f56bfc062723c751e8b465ee728b)
Start importing Assets/StoneUI/OtherUI_4k+/button93.png using Guid(6a6e0e58f410e5549913e092c9eb1414) Importer(815301076,1909f56bfc062723c751e8b465ee728b) (PreviewImporter) -> (artifact id: '22f9880a0a43867dfe524de414d550ca') in 0.0194515 seconds
Number of updated asset objects reloaded before import = 0Number of asset objects unloaded after import = 3

========================================================================
Received Import Request.
  Time since last request: 0.000024 seconds.
  path: Assets/StoneUI/Buttons_512x512/Moss_Blue/button_moss_blue6.png
  artifactKey: Guid(9d55314dec947664c97873df94733489) Importer(815301076,1909f56bfc062723c751e8b465ee728b)
Start importing Assets/StoneUI/Buttons_512x512/Moss_Blue/button_moss_blue6.png using Guid(9d55314dec947664c97873df94733489) Importer(815301076,1909f56bfc062723c751e8b465ee728b) (PreviewImporter) -> (artifact id: '23d0cc4c80b91b517007435ed3d481ba') in 0.023298 seconds
Number of updated asset objects reloaded before import = 0Number of asset objects unloaded after import = 3

========================================================================
Received Import Request.
  Time since last request: 0.000024 seconds.
  path: Assets/StoneUI/OtherUI_4k+/button88.png
  artifactKey: Guid(cbc24e49bf165dd47a98eba4affa10ed) Importer(815301076,1909f56bfc062723c751e8b465ee728b)
Start importing Assets/StoneUI/OtherUI_4k+/button88.png using Guid(cbc24e49bf165dd47a98eba4affa10ed) Importer(815301076,1909f56bfc062723c751e8b465ee728b) (PreviewImporter) -> (artifact id: 'cf4cfd051ddee0e6e00d4eaf4e79182c') in 0.0215014 seconds
Number of updated asset objects reloaded before import = 0Number of asset objects unloaded after import = 3

========================================================================
Received Import Request.
  Time since last request: 0.000023 seconds.
  path: Assets/StoneUI/Buttons_512x512/Moss_Blue/button_moss_blue12.png
  artifactKey: Guid(99e70e1e96d90c844af6c7a9cbb3d244) Importer(815301076,1909f56bfc062723c751e8b465ee728b)
Start importing Assets/StoneUI/Buttons_512x512/Moss_Blue/button_moss_blue12.png using Guid(99e70e1e96d90c844af6c7a9cbb3d244) Importer(815301076,1909f56bfc062723c751e8b465ee728b) (PreviewImporter) -> (artifact id: '9cb699fc7a41ef626260c9cd157086d3') in 0.0256351 seconds
Number of updated asset objects reloaded before import = 0Number of asset objects unloaded after import = 3

========================================================================
Received Import Request.
  Time since last request: 0.000028 seconds.
  path: Assets/StoneUI/Buttons_512x512/Moss_Blue/button_moss_blue11.png
  artifactKey: Guid(ad038c055193bec4686ce7acfb1fd249) Importer(815301076,1909f56bfc062723c751e8b465ee728b)
Start importing Assets/StoneUI/Buttons_512x512/Moss_Blue/button_moss_blue11.png using Guid(ad038c055193bec4686ce7acfb1fd249) Importer(815301076,1909f56bfc062723c751e8b465ee728b) (PreviewImporter) -> (artifact id: '63aca84d9b7ad22cefd17b6fd2ef5e39') in 0.025708 seconds
Number of updated asset objects reloaded before import = 0Number of asset objects unloaded after import = 3

========================================================================
Received Import Request.
  Time since last request: 0.000023 seconds.
  path: Assets/StoneUI/Buttons_512x512/Moss_Blue/button_moss_blue8.png
  artifactKey: Guid(6fec25f570b523c4ba467d02ef53ca57) Importer(815301076,1909f56bfc062723c751e8b465ee728b)
Start importing Assets/StoneUI/Buttons_512x512/Moss_Blue/button_moss_blue8.png using Guid(6fec25f570b523c4ba467d02ef53ca57) Importer(815301076,1909f56bfc062723c751e8b465ee728b) (PreviewImporter) -> (artifact id: '8f65430aa1c202b30e04ac7dc5f76a70') in 0.0247132 seconds
Number of updated asset objects reloaded before import = 0Number of asset objects unloaded after import = 3

========================================================================
Received Import Request.
  Time since last request: 0.000039 seconds.
  path: Assets/StoneUI/Buttons_512x512/Moss_Blue/button_moss_blue10.png
  artifactKey: Guid(66aa200b8da6572489e5c907616dec2e) Importer(815301076,1909f56bfc062723c751e8b465ee728b)
Start importing Assets/StoneUI/Buttons_512x512/Moss_Blue/button_moss_blue10.png using Guid(66aa200b8da6572489e5c907616dec2e) Importer(815301076,1909f56bfc062723c751e8b465ee728b) (PreviewImporter) -> (artifact id: '91587fefa97cf9f86c326ce969121cc0') in 0.0247488 seconds
Number of updated asset objects reloaded before import = 0Number of asset objects unloaded after import = 3

========================================================================
Received Import Request.
  Time since last request: 0.062132 seconds.
  path: Assets/StoneUI/Buttons_512x512/Moss_Blue/button_moss_blue15.png
  artifactKey: Guid(8a21dfd75a18a2f4d96c926843304cae) Importer(815301076,1909f56bfc062723c751e8b465ee728b)
Start importing Assets/StoneUI/Buttons_512x512/Moss_Blue/button_moss_blue15.png using Guid(8a21dfd75a18a2f4d96c926843304cae) Importer(815301076,1909f56bfc062723c751e8b465ee728b) (PreviewImporter) -> (artifact id: '2cf033ac91d3308264fa0965db845180') in 0.0253327 seconds
Number of updated asset objects reloaded before import = 0Number of asset objects unloaded after import = 3

========================================================================
Received Import Request.
  Time since last request: 0.000021 seconds.
  path: Assets/StoneUI/Buttons_512x512/Moss_Blue/button_moss_blue19.png
  artifactKey: Guid(f87b2bcbeed82f543bc67731234ce119) Importer(815301076,1909f56bfc062723c751e8b465ee728b)
Start importing Assets/StoneUI/Buttons_512x512/Moss_Blue/button_moss_blue19.png using Guid(f87b2bcbeed82f543bc67731234ce119) Importer(815301076,1909f56bfc062723c751e8b465ee728b) (PreviewImporter) -> (artifact id: '3e4adc789ae763c58d613187dc787ea1') in 0.0228235 seconds
Number of updated asset objects reloaded before import = 0Number of asset objects unloaded after import = 3

========================================================================
Received Import Request.
  Time since last request: 0.000021 seconds.
  path: Assets/StoneUI/Buttons_512x512/Moss_Blue/button_moss_blue22.png
  artifactKey: Guid(21c70c75e46735b49afc9e656eb84684) Importer(815301076,1909f56bfc062723c751e8b465ee728b)
Start importing Assets/StoneUI/Buttons_512x512/Moss_Blue/button_moss_blue22.png using Guid(21c70c75e46735b49afc9e656eb84684) Importer(815301076,1909f56bfc062723c751e8b465ee728b) (PreviewImporter) -> (artifact id: '6740f3ab86e9cb2fcce6d355a8626b78') in 0.025157 seconds
Number of updated asset objects reloaded before import = 0Number of asset objects unloaded after import = 3

========================================================================
Received Import Request.
  Time since last request: 0.000031 seconds.
  path: Assets/StoneUI/Buttons_512x512/Moss_Blue/button_moss_blue21.png
  artifactKey: Guid(77668adc4bfbf67469dc8c434a09a7bb) Importer(815301076,1909f56bfc062723c751e8b465ee728b)
Start importing Assets/StoneUI/Buttons_512x512/Moss_Blue/button_moss_blue21.png using Guid(77668adc4bfbf67469dc8c434a09a7bb) Importer(815301076,1909f56bfc062723c751e8b465ee728b) (PreviewImporter) -> (artifact id: '074202f544fa068392d83390deeda1a8') in 0.0239194 seconds
Number of updated asset objects reloaded before import = 0Number of asset objects unloaded after import = 3

========================================================================
Received Import Request.
  Time since last request: 0.668943 seconds.
  path: Assets/StoneUI/Buttons_512x512/Moss_Blue/button_moss_blue23.png
  artifactKey: Guid(1fff2ada470396549beb1583117d6bf4) Importer(815301076,1909f56bfc062723c751e8b465ee728b)
Start importing Assets/StoneUI/Buttons_512x512/Moss_Blue/button_moss_blue23.png using Guid(1fff2ada470396549beb1583117d6bf4) Importer(815301076,1909f56bfc062723c751e8b465ee728b) (PreviewImporter) -> (artifact id: '548041595599a9d89c102ac0a86b4de9') in 0.0306757 seconds
Number of updated asset objects reloaded before import = 0Number of asset objects unloaded after import = 3

========================================================================
Received Import Request.
  Time since last request: 0.000031 seconds.
  path: Assets/StoneUI/Buttons_512x512/Moss_Blue/button_moss_blue25.png
  artifactKey: Guid(de0ad07a9ba50a044a0afb14bc5d1d1c) Importer(815301076,1909f56bfc062723c751e8b465ee728b)
Start importing Assets/StoneUI/Buttons_512x512/Moss_Blue/button_moss_blue25.png using Guid(de0ad07a9ba50a044a0afb14bc5d1d1c) Importer(815301076,1909f56bfc062723c751e8b465ee728b) (PreviewImporter) -> (artifact id: 'cc90da64886352ef5c5dbb79935f71bb') in 0.028772 seconds
Number of updated asset objects reloaded before import = 0Number of asset objects unloaded after import = 3

========================================================================
Received Import Request.
  Time since last request: 0.000051 seconds.
  path: Assets/StoneUI/Buttons_512x512/Moss_Blue/button_moss_blue38.png
  artifactKey: Guid(302eae26aa6e969488df82d79879b762) Importer(815301076,1909f56bfc062723c751e8b465ee728b)
Start importing Assets/StoneUI/Buttons_512x512/Moss_Blue/button_moss_blue38.png using Guid(302eae26aa6e969488df82d79879b762) Importer(815301076,1909f56bfc062723c751e8b465ee728b) (PreviewImporter) -> (artifact id: 'e77a0208049b46f8a2bf4b18afac361d') in 0.0243002 seconds
Number of updated asset objects reloaded before import = 0Number of asset objects unloaded after import = 3

========================================================================
Received Import Request.
  Time since last request: 0.000023 seconds.
  path: Assets/StoneUI/Buttons_512x512/Moss_Blue/button_moss_blue31.png
  artifactKey: Guid(e6a0eec1fb1aaee4c9a38ddc2b140022) Importer(815301076,1909f56bfc062723c751e8b465ee728b)
Start importing Assets/StoneUI/Buttons_512x512/Moss_Blue/button_moss_blue31.png using Guid(e6a0eec1fb1aaee4c9a38ddc2b140022) Importer(815301076,1909f56bfc062723c751e8b465ee728b) (PreviewImporter) -> (artifact id: '64767e28d017d144abb59fa617c4f2a2') in 0.0233527 seconds
Number of updated asset objects reloaded before import = 0Number of asset objects unloaded after import = 3

========================================================================
Received Import Request.
  Time since last request: 0.000026 seconds.
  path: Assets/StoneUI/Buttons_512x512/Moss_Blue/button_moss_blue28.png
  artifactKey: Guid(562c2c8640f30c84aaa7b5356217826e) Importer(815301076,1909f56bfc062723c751e8b465ee728b)
Start importing Assets/StoneUI/Buttons_512x512/Moss_Blue/button_moss_blue28.png using Guid(562c2c8640f30c84aaa7b5356217826e) Importer(815301076,1909f56bfc062723c751e8b465ee728b) (PreviewImporter) -> (artifact id: '53b2084084205174fa0980b63f378f49') in 0.0256411 seconds
Number of updated asset objects reloaded before import = 0Number of asset objects unloaded after import = 3

========================================================================
Received Import Request.
  Time since last request: 0.000026 seconds.
  path: Assets/StoneUI/Buttons_512x512/Moss_Blue/button_moss_blue30.png
  artifactKey: Guid(fabbfd43697eb7544bd4ea9f58b36776) Importer(815301076,1909f56bfc062723c751e8b465ee728b)
Start importing Assets/StoneUI/Buttons_512x512/Moss_Blue/button_moss_blue30.png using Guid(fabbfd43697eb7544bd4ea9f58b36776) Importer(815301076,1909f56bfc062723c751e8b465ee728b) (PreviewImporter) -> (artifact id: '3339941465f4041b909937f8f41c6d2b') in 0.023376 seconds
Number of updated asset objects reloaded before import = 0Number of asset objects unloaded after import = 3

========================================================================
Received Import Request.
  Time since last request: 0.000029 seconds.
  path: Assets/StoneUI/Buttons_512x512/Moss_Blue/button_moss_blue37.png
  artifactKey: Guid(eb738a44b7a72674fb85b6dc9076c2a9) Importer(815301076,1909f56bfc062723c751e8b465ee728b)
Start importing Assets/StoneUI/Buttons_512x512/Moss_Blue/button_moss_blue37.png using Guid(eb738a44b7a72674fb85b6dc9076c2a9) Importer(815301076,1909f56bfc062723c751e8b465ee728b) (PreviewImporter) -> (artifact id: 'd980c87212c2c35639f05e4dd0af967b') in 0.023711 seconds
Number of updated asset objects reloaded before import = 0Number of asset objects unloaded after import = 3

========================================================================
Received Import Request.
  Time since last request: 0.000026 seconds.
  path: Assets/StoneUI/Buttons_512x512/Moss_Blue/button_moss_blue36.png
  artifactKey: Guid(3962398881cb4f7408530b6e0ea9fe5a) Importer(815301076,1909f56bfc062723c751e8b465ee728b)
Start importing Assets/StoneUI/Buttons_512x512/Moss_Blue/button_moss_blue36.png using Guid(3962398881cb4f7408530b6e0ea9fe5a) Importer(815301076,1909f56bfc062723c751e8b465ee728b) (PreviewImporter) -> (artifact id: 'ac7aec2cd932f7560d165357b83d574a') in 0.0252266 seconds
Number of updated asset objects reloaded before import = 0Number of asset objects unloaded after import = 3

========================================================================
Received Import Request.
  Time since last request: 0.114422 seconds.
  path: Assets/StoneUI/Buttons_512x512/Moss_Blue/button_moss_blue39.png
  artifactKey: Guid(6d96d175236dba343b85506112453938) Importer(815301076,1909f56bfc062723c751e8b465ee728b)
Start importing Assets/StoneUI/Buttons_512x512/Moss_Blue/button_moss_blue39.png using Guid(6d96d175236dba343b85506112453938) Importer(815301076,1909f56bfc062723c751e8b465ee728b) (PreviewImporter) -> (artifact id: '354c9825084b32c2c42581271983338f') in 0.0243482 seconds
Number of updated asset objects reloaded before import = 0Number of asset objects unloaded after import = 3

========================================================================
Received Import Request.
  Time since last request: 0.000021 seconds.
  path: Assets/StoneUI/Buttons_512x512/Moss_Blue/button_moss_blue42.png
  artifactKey: Guid(246b5488a087f8744aaf455c5097c002) Importer(815301076,1909f56bfc062723c751e8b465ee728b)
Start importing Assets/StoneUI/Buttons_512x512/Moss_Blue/button_moss_blue42.png using Guid(246b5488a087f8744aaf455c5097c002) Importer(815301076,1909f56bfc062723c751e8b465ee728b) (PreviewImporter) -> (artifact id: 'f5f29da243946d7602b5151b79d924de') in 0.0245427 seconds
Number of updated asset objects reloaded before import = 0Number of asset objects unloaded after import = 3

========================================================================
Received Import Request.
  Time since last request: 0.000025 seconds.
  path: Assets/StoneUI/Buttons_512x512/Moss_Blue/button_moss_blue41.png
  artifactKey: Guid(57580af7a8a474e43b65a155010e8db1) Importer(815301076,1909f56bfc062723c751e8b465ee728b)
Start importing Assets/StoneUI/Buttons_512x512/Moss_Blue/button_moss_blue41.png using Guid(57580af7a8a474e43b65a155010e8db1) Importer(815301076,1909f56bfc062723c751e8b465ee728b) (PreviewImporter) -> (artifact id: '9573b7beafa0d1795ee2d85fe13b0fb3') in 0.0232254 seconds
Number of updated asset objects reloaded before import = 0Number of asset objects unloaded after import = 3

========================================================================
Received Import Request.
  Time since last request: 0.000027 seconds.
  path: Assets/StoneUI/Buttons_512x512/Moss_Blue/button_moss_blue44.png
  artifactKey: Guid(27bd57e033fe5284d85ea47c4cefdc00) Importer(815301076,1909f56bfc062723c751e8b465ee728b)
Start importing Assets/StoneUI/Buttons_512x512/Moss_Blue/button_moss_blue44.png using Guid(27bd57e033fe5284d85ea47c4cefdc00) Importer(815301076,1909f56bfc062723c751e8b465ee728b) (PreviewImporter) -> (artifact id: 'ad189254652934076af51c0ae960a7ce') in 0.0240896 seconds
Number of updated asset objects reloaded before import = 0Number of asset objects unloaded after import = 3

========================================================================
Received Import Request.
  Time since last request: 0.034147 seconds.
  path: Assets/StoneUI/Buttons_512x512/Moss_Blue/button_moss_blue47.png
  artifactKey: Guid(89d05f349eb487a4c8f51d455db872e6) Importer(815301076,1909f56bfc062723c751e8b465ee728b)
Start importing Assets/StoneUI/Buttons_512x512/Moss_Blue/button_moss_blue47.png using Guid(89d05f349eb487a4c8f51d455db872e6) Importer(815301076,1909f56bfc062723c751e8b465ee728b) (PreviewImporter) -> (artifact id: 'cec8ca3554a62d83b3cda41fb2eb05d0') in 0.0246042 seconds
Number of updated asset objects reloaded before import = 0Number of asset objects unloaded after import = 3

========================================================================
Received Import Request.
  Time since last request: 0.000037 seconds.
  path: Assets/StoneUI/Buttons_512x512/Moss_Blue/button_moss_blue50.png
  artifactKey: Guid(d6f804889dad41e4b8dc6f7b1d8d4886) Importer(815301076,1909f56bfc062723c751e8b465ee728b)
Start importing Assets/StoneUI/Buttons_512x512/Moss_Blue/button_moss_blue50.png using Guid(d6f804889dad41e4b8dc6f7b1d8d4886) Importer(815301076,1909f56bfc062723c751e8b465ee728b) (PreviewImporter) -> (artifact id: '98ad2b31c0f0f154902a4320ab402ec3') in 0.0254635 seconds
Number of updated asset objects reloaded before import = 0Number of asset objects unloaded after import = 3

========================================================================
Received Import Request.
  Time since last request: 0.000042 seconds.
  path: Assets/StoneUI/Buttons_128x128/button_moss_blue.png
  artifactKey: Guid(75d23c909658dec419a00762106e1e10) Importer(815301076,1909f56bfc062723c751e8b465ee728b)
Start importing Assets/StoneUI/Buttons_128x128/button_moss_blue.png using Guid(75d23c909658dec419a00762106e1e10) Importer(815301076,1909f56bfc062723c751e8b465ee728b) (PreviewImporter) -> (artifact id: 'aea93876568213ccef40e2f9fab516ee') in 0.2189519 seconds
Number of updated asset objects reloaded before import = 0Number of asset objects unloaded after import = 52

========================================================================
Received Import Request.
  Time since last request: 0.959080 seconds.
  path: Assets/StoneUI/Samples/button_moss_green.png
  artifactKey: Guid(a314d3aa2b7b3f2468f1b05da26213c2) Importer(815301076,1909f56bfc062723c751e8b465ee728b)
Start importing Assets/StoneUI/Samples/button_moss_green.png using Guid(a314d3aa2b7b3f2468f1b05da26213c2) Importer(815301076,1909f56bfc062723c751e8b465ee728b) (PreviewImporter) -> (artifact id: '7299c81aee669d338cf1edfaca82f7a7') in 0.026765 seconds
Number of updated asset objects reloaded before import = 0Number of asset objects unloaded after import = 3

========================================================================
Received Import Request.
  Time since last request: 0.000023 seconds.
  path: Assets/StoneUI/Buttons_512x512/Moss_Green/button_moss_green5.png
  artifactKey: Guid(413f3cc0bd542a54a81ef0817639b3a9) Importer(815301076,1909f56bfc062723c751e8b465ee728b)
Start importing Assets/StoneUI/Buttons_512x512/Moss_Green/button_moss_green5.png using Guid(413f3cc0bd542a54a81ef0817639b3a9) Importer(815301076,1909f56bfc062723c751e8b465ee728b) (PreviewImporter) -> (artifact id: '0a0ed7451322fb8732491e06611b3b7d') in 0.0280875 seconds
Number of updated asset objects reloaded before import = 0Number of asset objects unloaded after import = 3

========================================================================
Received Import Request.
  Time since last request: 0.000029 seconds.
  path: Assets/StoneUI/Buttons_512x512/Moss_Green/button_moss_green2.png
  artifactKey: Guid(d87a3bb8af21096408436db370900de7) Importer(815301076,1909f56bfc062723c751e8b465ee728b)
Start importing Assets/StoneUI/Buttons_512x512/Moss_Green/button_moss_green2.png using Guid(d87a3bb8af21096408436db370900de7) Importer(815301076,1909f56bfc062723c751e8b465ee728b) (PreviewImporter) -> (artifact id: '9edbdf090c58e62ddbc0237009f5811d') in 0.0221828 seconds
Number of updated asset objects reloaded before import = 0Number of asset objects unloaded after import = 3

========================================================================
Received Import Request.
  Time since last request: 0.000026 seconds.
  path: Assets/StoneUI/Buttons_512x512/Moss_Green/button_moss_green6.png
  artifactKey: Guid(7407206070acc7047b2a156176e5783e) Importer(815301076,1909f56bfc062723c751e8b465ee728b)
Start importing Assets/StoneUI/Buttons_512x512/Moss_Green/button_moss_green6.png using Guid(7407206070acc7047b2a156176e5783e) Importer(815301076,1909f56bfc062723c751e8b465ee728b) (PreviewImporter) -> (artifact id: 'fb94297aad2270643d872dd0c799ec4f') in 0.0239665 seconds
Number of updated asset objects reloaded before import = 0Number of asset objects unloaded after import = 3

========================================================================
Received Import Request.
  Time since last request: 0.259254 seconds.
  path: Assets/StoneUI/Buttons_512x512/Moss_Green/button_moss_green8.png
  artifactKey: Guid(81133356fa750454cba8ddb1bd74a8c8) Importer(815301076,1909f56bfc062723c751e8b465ee728b)
Start importing Assets/StoneUI/Buttons_512x512/Moss_Green/button_moss_green8.png using Guid(81133356fa750454cba8ddb1bd74a8c8) Importer(815301076,1909f56bfc062723c751e8b465ee728b) (PreviewImporter) -> (artifact id: 'eb9b4086ce4432fcf7999eedb7c073f2') in 0.0427027 seconds
Number of updated asset objects reloaded before import = 0Number of asset objects unloaded after import = 3

========================================================================
Received Import Request.
  Time since last request: 0.000032 seconds.
  path: Assets/StoneUI/Buttons_512x512/Moss_Green/button_moss_green23.png
  artifactKey: Guid(ca7ce660858a59244849bacc9013b322) Importer(815301076,1909f56bfc062723c751e8b465ee728b)
Start importing Assets/StoneUI/Buttons_512x512/Moss_Green/button_moss_green23.png using Guid(ca7ce660858a59244849bacc9013b322) Importer(815301076,1909f56bfc062723c751e8b465ee728b) (PreviewImporter) -> (artifact id: '1d18504af61eb0614f07a1ba9da36ac4') in 0.0539431 seconds
Number of updated asset objects reloaded before import = 0Number of asset objects unloaded after import = 3

========================================================================
Received Import Request.
  Time since last request: 0.000034 seconds.
  path: Assets/StoneUI/Buttons_512x512/Moss_Green/button_moss_green30.png
  artifactKey: Guid(36e9a8fc26f2437428eff1b341180612) Importer(815301076,1909f56bfc062723c751e8b465ee728b)
Start importing Assets/StoneUI/Buttons_512x512/Moss_Green/button_moss_green30.png using Guid(36e9a8fc26f2437428eff1b341180612) Importer(815301076,1909f56bfc062723c751e8b465ee728b) (PreviewImporter) -> (artifact id: '48910d14c5e3889dd8f0807c031af65e') in 0.0599203 seconds
Number of updated asset objects reloaded before import = 0Number of asset objects unloaded after import = 3

========================================================================
Received Import Request.
  Time since last request: 0.000036 seconds.
  path: Assets/StoneUI/Buttons_512x512/Moss_Green/button_moss_green46.png
  artifactKey: Guid(32b5defd3f5a7f04ca6b71320f519d9a) Importer(815301076,1909f56bfc062723c751e8b465ee728b)
Start importing Assets/StoneUI/Buttons_512x512/Moss_Green/button_moss_green46.png using Guid(32b5defd3f5a7f04ca6b71320f519d9a) Importer(815301076,1909f56bfc062723c751e8b465ee728b) (PreviewImporter) -> (artifact id: '8f5fe262981ae172d26fa23647b40cef') in 0.045994 seconds
Number of updated asset objects reloaded before import = 0Number of asset objects unloaded after import = 3

========================================================================
Received Import Request.
  Time since last request: 0.000057 seconds.
  path: Assets/StoneUI/Buttons_128x128/button_moss_green.png
  artifactKey: Guid(f760e8c2f86be0a46a16e0a7a5bfe8ed) Importer(815301076,1909f56bfc062723c751e8b465ee728b)
Start importing Assets/StoneUI/Buttons_128x128/button_moss_green.png using Guid(f760e8c2f86be0a46a16e0a7a5bfe8ed) Importer(815301076,1909f56bfc062723c751e8b465ee728b) (PreviewImporter) -> (artifact id: '728930ad4d06c4c8b11be8f10392caa3') in 0.2757487 seconds
Number of updated asset objects reloaded before import = 0Number of asset objects unloaded after import = 52

========================================================================
Received Import Request.
  Time since last request: 0.000027 seconds.
  path: Assets/StoneUI/Buttons_512x512/Moss_Green/button_moss_green26.png
  artifactKey: Guid(9281de1a878d7af40b548f2e713bc34e) Importer(815301076,1909f56bfc062723c751e8b465ee728b)
Start importing Assets/StoneUI/Buttons_512x512/Moss_Green/button_moss_green26.png using Guid(9281de1a878d7af40b548f2e713bc34e) Importer(815301076,1909f56bfc062723c751e8b465ee728b) (PreviewImporter) -> (artifact id: 'c602fac4950d8e5ae194f0749e6414fc') in 0.0232529 seconds
Number of updated asset objects reloaded before import = 0Number of asset objects unloaded after import = 3

========================================================================
Received Import Request.
  Time since last request: 0.000033 seconds.
  path: Assets/StoneUI/Buttons_512x512/Moss_Green/button_moss_green41.png
  artifactKey: Guid(57befa7acb0119442a2d0eeb357d323d) Importer(815301076,1909f56bfc062723c751e8b465ee728b)
Start importing Assets/StoneUI/Buttons_512x512/Moss_Green/button_moss_green41.png using Guid(57befa7acb0119442a2d0eeb357d323d) Importer(815301076,1909f56bfc062723c751e8b465ee728b) (PreviewImporter) -> (artifact id: '9b0e23a2e7fdcdeb14eac5edc065c7f1') in 0.0261843 seconds
Number of updated asset objects reloaded before import = 0Number of asset objects unloaded after import = 3

========================================================================
Received Import Request.
  Time since last request: 0.000028 seconds.
  path: Assets/StoneUI/Buttons_512x512/Moss_Green/button_moss_green36.png
  artifactKey: Guid(86200aedc10652442ad429773990b15a) Importer(815301076,1909f56bfc062723c751e8b465ee728b)
Start importing Assets/StoneUI/Buttons_512x512/Moss_Green/button_moss_green36.png using Guid(86200aedc10652442ad429773990b15a) Importer(815301076,1909f56bfc062723c751e8b465ee728b) (PreviewImporter) -> (artifact id: 'a296dbe9d1630d09471b1430b3d138b0') in 0.0238375 seconds
Number of updated asset objects reloaded before import = 0Number of asset objects unloaded after import = 3

========================================================================
Received Import Request.
  Time since last request: 0.000032 seconds.
  path: Assets/StoneUI/Buttons_512x512/Moss_Green/button_moss_green20.png
  artifactKey: Guid(4a307d6d1038b5e4eb4821cc69cbc01d) Importer(815301076,1909f56bfc062723c751e8b465ee728b)
Start importing Assets/StoneUI/Buttons_512x512/Moss_Green/button_moss_green20.png using Guid(4a307d6d1038b5e4eb4821cc69cbc01d) Importer(815301076,1909f56bfc062723c751e8b465ee728b) (PreviewImporter) -> (artifact id: 'a8e948de46ec1e7094427bd1477eafc7') in 0.024789 seconds
Number of updated asset objects reloaded before import = 0Number of asset objects unloaded after import = 3

========================================================================
Received Import Request.
  Time since last request: 0.000021 seconds.
  path: Assets/StoneUI/Buttons_512x512/Moss_Green/button_moss_green17.png
  artifactKey: Guid(97ecd404688880548bafecd1e4d49798) Importer(815301076,1909f56bfc062723c751e8b465ee728b)
Start importing Assets/StoneUI/Buttons_512x512/Moss_Green/button_moss_green17.png using Guid(97ecd404688880548bafecd1e4d49798) Importer(815301076,1909f56bfc062723c751e8b465ee728b) (PreviewImporter) -> (artifact id: 'd2e47920ac5093039254ff84e3bece92') in 0.0247997 seconds
Number of updated asset objects reloaded before import = 0Number of asset objects unloaded after import = 3

Editor requested this worker to shutdown with reason: Scaling down because of idle timeout
AssetImportWorker is now disconnected from the server
Process exiting
Exiting without the bug reporter. Application will terminate with return code 0